2025-08-08 10:45:19,755 [Worker-4: Loading available Gradle versions] INFO  o.e.b.c.i.u.g.PublishedGradleVersions - Gradle version information cache is out-of-date. Trying to update.
2025-08-08 10:46:07,128 [Worker-21: Update Maven projects configuration] INFO  o.e.m.c.i.p.ProjectConfigurationManager - Update started
2025-08-08 10:46:08,835 [Worker-21: Update Maven projects configuration] INFO  o.e.m.c.i.l.LifecycleMappingFactory - Using org.eclipse.m2e.jdt.JarLifecycleMapping lifecycle mapping for MavenProject: com.example:Eureka-Server:0.0.1-SNAPSHOT @ C:\Users\Shruti Gadre\Desktop\Banking Management System-Final-Pro\Banking_FullyIntegrated-main\Eureka-Server\pom.xml.
2025-08-08 10:46:10,221 [Worker-21: Update Maven projects configuration] INFO  o.e.m.j.i.AbstractJavaProjectConfigurator - Adding source folder /Eureka-Server/src/main/java
2025-08-08 10:46:10,223 [Worker-21: Update Maven projects configuration] INFO  o.e.m.j.i.AbstractJavaProjectConfigurator - Adding resource folder /Eureka-Server/src/main/resources
2025-08-08 10:46:10,229 [Worker-21: Update Maven projects configuration] INFO  o.e.m.j.i.AbstractJavaProjectConfigurator - Adding resource folder /Eureka-Server/src/main/resources
2025-08-08 10:46:10,236 [Worker-21: Update Maven projects configuration] INFO  o.e.m.j.i.AbstractJavaProjectConfigurator - Adding source folder /Eureka-Server/src/test/java
2025-08-08 10:46:10,237 [Worker-21: Update Maven projects configuration] INFO  o.e.m.j.i.AbstractJavaProjectConfigurator - Adding resource folder /Eureka-Server/src/test/resources
2025-08-08 10:46:10,988 [Worker-6: Building] INFO  o.e.m.c.i.l.LifecycleMappingFactory - Using org.eclipse.m2e.jdt.JarLifecycleMapping lifecycle mapping for MavenProject: com.example:Bank-Management:0.0.1-SNAPSHOT @ C:\Users\Shruti Gadre\Desktop\Banking Management System-Final-Pro\Banking_FullyIntegrated-main\Bank-Management\pom.xml.
2025-08-08 10:46:12,150 [Worker-6: Building] INFO  o.a.m.s.f.DefaultMavenResourcesFiltering - Copying 1 resource from src\main\resources to target\classes
2025-08-08 10:46:12,170 [Worker-6: Building] INFO  o.a.m.s.f.DefaultMavenResourcesFiltering - Copying 47 resources from src\main\resources to target\classes
2025-08-08 10:46:12,333 [Worker-6: Building] INFO  o.a.m.s.f.DefaultMavenResourcesFiltering - skip non existing resourceDirectory C:\Users\Shruti Gadre\Desktop\Banking Management System-Final-Pro\Banking_FullyIntegrated-main\Bank-Management\src\test\resources
2025-08-08 10:46:13,063 [Worker-15: Building] INFO  o.e.m.c.i.l.LifecycleMappingFactory - Using org.eclipse.m2e.jdt.JarLifecycleMapping lifecycle mapping for MavenProject: com.example:Banking:0.0.1-SNAPSHOT @ C:\Users\Shruti Gadre\Desktop\Banking Management System-Final-Pro\Banking_FullyIntegrated-main\Banking\pom.xml.
2025-08-08 10:46:13,953 [Worker-15: Building] INFO  o.a.m.s.f.DefaultMavenResourcesFiltering - Copying 1 resource from src\main\resources to target\classes
2025-08-08 10:46:13,979 [Worker-15: Building] INFO  o.a.m.s.f.DefaultMavenResourcesFiltering - Copying 17 resources from src\main\resources to target\classes
2025-08-08 10:46:14,030 [Worker-15: Building] INFO  o.a.m.s.f.DefaultMavenResourcesFiltering - skip non existing resourceDirectory C:\Users\Shruti Gadre\Desktop\Banking Management System-Final-Pro\Banking_FullyIntegrated-main\Banking\src\test\resources
2025-08-08 10:46:14,149 [Worker-21: Update Maven projects configuration] INFO  o.e.m.c.i.p.ProjectConfigurationManager - Update completed for 1 poms: local refresh takes 0.00 sec, refresh facades takes 2.00 sec, update config takes 4.00 sec 
2025-08-08 10:46:14,151 [Worker-21: Update Maven projects configuration] INFO  o.e.m.c.i.p.ProjectConfigurationManager - Update started
2025-08-08 10:46:15,589 [Worker-21: Update Maven projects configuration] INFO  o.e.m.c.i.l.LifecycleMappingFactory - Using org.eclipse.m2e.jdt.JarLifecycleMapping lifecycle mapping for MavenProject: com.example:Eureka-Server:0.0.1-SNAPSHOT @ C:\Users\Shruti Gadre\Desktop\Banking Management System-Final-Pro\Banking_FullyIntegrated-main\Eureka-Server\pom.xml.
2025-08-08 10:46:16,048 [Worker-21: Update Maven projects configuration] INFO  o.e.m.c.i.l.LifecycleMappingFactory - Using org.eclipse.m2e.jdt.JarLifecycleMapping lifecycle mapping for MavenProject: com.example:RestApi:0.0.1-SNAPSHOT @ C:\Users\Shruti Gadre\Desktop\Banking Management System-Final-Pro\Banking_FullyIntegrated-main\FundTransfer\pom.xml.
2025-08-08 10:46:16,260 [Worker-21: Update Maven projects configuration] INFO  o.e.m.c.i.l.LifecycleMappingFactory - Using org.eclipse.m2e.jdt.JarLifecycleMapping lifecycle mapping for MavenProject: com.example:Bank-Management:0.0.1-SNAPSHOT @ C:\Users\Shruti Gadre\Desktop\Banking Management System-Final-Pro\Banking_FullyIntegrated-main\Bank-Management\pom.xml.
2025-08-08 10:46:16,425 [Worker-21: Update Maven projects configuration] INFO  o.e.m.c.i.l.LifecycleMappingFactory - Using org.eclipse.m2e.jdt.JarLifecycleMapping lifecycle mapping for MavenProject: com.example:Banking:0.0.1-SNAPSHOT @ C:\Users\Shruti Gadre\Desktop\Banking Management System-Final-Pro\Banking_FullyIntegrated-main\Banking\pom.xml.
2025-08-08 10:46:16,654 [Worker-21: Update Maven projects configuration] INFO  o.e.m.c.i.l.LifecycleMappingFactory - Using org.eclipse.m2e.jdt.JarLifecycleMapping lifecycle mapping for MavenProject: com.example:Online-Banking-Payee-Management:0.0.1-SNAPSHOT @ C:\Users\Shruti Gadre\Desktop\Banking Management System-Final-Pro\Banking_FullyIntegrated-main\Online-Banking-Payee-Management\pom.xml.
2025-08-08 10:46:17,078 [Worker-21: Update Maven projects configuration] INFO  o.e.m.c.i.l.LifecycleMappingFactory - Using org.eclipse.m2e.jdt.JarLifecycleMapping lifecycle mapping for MavenProject: com.example:TransactionStatementService:0.0.1-SNAPSHOT @ C:\Users\Shruti Gadre\Desktop\Banking Management System-Final-Pro\Banking_FullyIntegrated-main\TransactionStatementService\pom.xml.
2025-08-08 10:46:18,980 [Worker-21: Update Maven projects configuration] INFO  o.e.m.j.i.AbstractJavaProjectConfigurator - Adding source folder /Eureka-Server/src/main/java
2025-08-08 10:46:18,981 [Worker-21: Update Maven projects configuration] INFO  o.e.m.j.i.AbstractJavaProjectConfigurator - Adding resource folder /Eureka-Server/src/main/resources
2025-08-08 10:46:18,981 [Worker-21: Update Maven projects configuration] INFO  o.e.m.j.i.AbstractJavaProjectConfigurator - Adding resource folder /Eureka-Server/src/main/resources
2025-08-08 10:46:18,982 [Worker-21: Update Maven projects configuration] INFO  o.e.m.j.i.AbstractJavaProjectConfigurator - Adding source folder /Eureka-Server/src/test/java
2025-08-08 10:46:18,982 [Worker-21: Update Maven projects configuration] INFO  o.e.m.j.i.AbstractJavaProjectConfigurator - Adding resource folder /Eureka-Server/src/test/resources
2025-08-08 10:46:19,344 [Worker-10: Building] INFO  o.a.m.s.f.DefaultMavenResourcesFiltering - Copying 1 resource from src\main\resources to target\classes
2025-08-08 10:46:19,358 [Worker-10: Building] INFO  o.a.m.s.f.DefaultMavenResourcesFiltering - Copying 0 resource from src\main\resources to target\classes
2025-08-08 10:46:19,363 [Worker-10: Building] INFO  o.a.m.s.f.DefaultMavenResourcesFiltering - skip non existing resourceDirectory C:\Users\Shruti Gadre\Desktop\Banking Management System-Final-Pro\Banking_FullyIntegrated-main\Eureka-Server\src\test\resources
2025-08-08 10:46:19,538 [Worker-21: Update Maven projects configuration] INFO  o.e.m.j.i.AbstractJavaProjectConfigurator - Adding source folder /FundTransfer/src/main/java
2025-08-08 10:46:19,540 [Worker-21: Update Maven projects configuration] INFO  o.e.m.j.i.AbstractJavaProjectConfigurator - Adding resource folder /FundTransfer/src/main/resources
2025-08-08 10:46:19,546 [Worker-21: Update Maven projects configuration] INFO  o.e.m.j.i.AbstractJavaProjectConfigurator - Adding resource folder /FundTransfer/src/main/resources
2025-08-08 10:46:19,552 [Worker-21: Update Maven projects configuration] INFO  o.e.m.j.i.AbstractJavaProjectConfigurator - Adding source folder /FundTransfer/src/test/java
2025-08-08 10:46:19,553 [Worker-21: Update Maven projects configuration] INFO  o.e.m.j.i.AbstractJavaProjectConfigurator - Adding resource folder /FundTransfer/src/test/resources
2025-08-08 10:46:20,685 [Worker-21: Update Maven projects configuration] INFO  o.e.m.j.i.AbstractJavaProjectConfigurator - Adding source folder /Bank-Management/src/main/java
2025-08-08 10:46:20,687 [Worker-21: Update Maven projects configuration] INFO  o.e.m.j.i.AbstractJavaProjectConfigurator - Adding resource folder /Bank-Management/src/main/resources
2025-08-08 10:46:20,700 [Worker-21: Update Maven projects configuration] INFO  o.e.m.j.i.AbstractJavaProjectConfigurator - Adding resource folder /Bank-Management/src/main/resources
2025-08-08 10:46:20,713 [Worker-21: Update Maven projects configuration] INFO  o.e.m.j.i.AbstractJavaProjectConfigurator - Adding source folder /Bank-Management/src/test/java
2025-08-08 10:46:20,715 [Worker-21: Update Maven projects configuration] INFO  o.e.m.j.i.AbstractJavaProjectConfigurator - Adding resource folder /Bank-Management/src/test/resources
2025-08-08 10:46:22,029 [Worker-21: Update Maven projects configuration] INFO  o.e.m.j.i.AbstractJavaProjectConfigurator - Adding source folder /Banking/src/main/java
2025-08-08 10:46:22,031 [Worker-21: Update Maven projects configuration] INFO  o.e.m.j.i.AbstractJavaProjectConfigurator - Adding resource folder /Banking/src/main/resources
2025-08-08 10:46:22,043 [Worker-21: Update Maven projects configuration] INFO  o.e.m.j.i.AbstractJavaProjectConfigurator - Adding resource folder /Banking/src/main/resources
2025-08-08 10:46:22,053 [Worker-21: Update Maven projects configuration] INFO  o.e.m.j.i.AbstractJavaProjectConfigurator - Adding source folder /Banking/src/test/java
2025-08-08 10:46:22,055 [Worker-21: Update Maven projects configuration] INFO  o.e.m.j.i.AbstractJavaProjectConfigurator - Adding resource folder /Banking/src/test/resources
2025-08-08 10:46:22,853 [Worker-0: Building] INFO  o.a.m.s.f.DefaultMavenResourcesFiltering - Copying 1 resource from src\main\resources to target\classes
2025-08-08 10:46:22,873 [Worker-0: Building] INFO  o.a.m.s.f.DefaultMavenResourcesFiltering - Copying 47 resources from src\main\resources to target\classes
2025-08-08 10:46:23,065 [Worker-0: Building] INFO  o.a.m.s.f.DefaultMavenResourcesFiltering - skip non existing resourceDirectory C:\Users\Shruti Gadre\Desktop\Banking Management System-Final-Pro\Banking_FullyIntegrated-main\Bank-Management\src\test\resources
2025-08-08 10:46:23,308 [Worker-21: Update Maven projects configuration] INFO  o.e.m.j.i.AbstractJavaProjectConfigurator - Adding source folder /Online-Banking-Payee-Management/src/main/java
2025-08-08 10:46:23,309 [Worker-21: Update Maven projects configuration] INFO  o.e.m.j.i.AbstractJavaProjectConfigurator - Adding resource folder /Online-Banking-Payee-Management/src/main/resources
2025-08-08 10:46:23,315 [Worker-21: Update Maven projects configuration] INFO  o.e.m.j.i.AbstractJavaProjectConfigurator - Adding resource folder /Online-Banking-Payee-Management/src/main/resources
2025-08-08 10:46:23,320 [Worker-21: Update Maven projects configuration] INFO  o.e.m.j.i.AbstractJavaProjectConfigurator - Adding source folder /Online-Banking-Payee-Management/src/test/java
2025-08-08 10:46:23,321 [Worker-21: Update Maven projects configuration] INFO  o.e.m.j.i.AbstractJavaProjectConfigurator - Adding resource folder /Online-Banking-Payee-Management/src/test/resources
2025-08-08 10:46:23,943 [Worker-10: Building] INFO  o.a.m.s.f.DefaultMavenResourcesFiltering - Copying 1 resource from src\main\resources to target\classes
2025-08-08 10:46:23,952 [Worker-10: Building] INFO  o.a.m.s.f.DefaultMavenResourcesFiltering - Copying 17 resources from src\main\resources to target\classes
2025-08-08 10:46:24,005 [Worker-10: Building] INFO  o.a.m.s.f.DefaultMavenResourcesFiltering - skip non existing resourceDirectory C:\Users\Shruti Gadre\Desktop\Banking Management System-Final-Pro\Banking_FullyIntegrated-main\Banking\src\test\resources
2025-08-08 10:46:24,256 [Worker-21: Update Maven projects configuration] INFO  o.e.m.j.i.AbstractJavaProjectConfigurator - Adding source folder /TransactionStatementService/src/main/java
2025-08-08 10:46:24,257 [Worker-21: Update Maven projects configuration] INFO  o.e.m.j.i.AbstractJavaProjectConfigurator - Adding resource folder /TransactionStatementService/src/main/resources
2025-08-08 10:46:24,262 [Worker-21: Update Maven projects configuration] INFO  o.e.m.j.i.AbstractJavaProjectConfigurator - Adding resource folder /TransactionStatementService/src/main/resources
2025-08-08 10:46:24,268 [Worker-21: Update Maven projects configuration] INFO  o.e.m.j.i.AbstractJavaProjectConfigurator - Adding source folder /TransactionStatementService/src/test/java
2025-08-08 10:46:24,268 [Worker-21: Update Maven projects configuration] INFO  o.e.m.j.i.AbstractJavaProjectConfigurator - Adding resource folder /TransactionStatementService/src/test/resources
2025-08-08 10:46:24,900 [Worker-21: Update Maven projects configuration] INFO  o.e.m.c.i.p.ProjectConfigurationManager - Update completed for 6 poms: local refresh takes 0.00 sec, refresh facades takes 4.00 sec, update config takes 6.00 sec 
2025-08-08 10:46:25,098 [Worker-25: Building] INFO  o.a.m.s.f.DefaultMavenResourcesFiltering - Copying 1 resource from src\main\resources to target\classes
2025-08-08 10:46:25,106 [Worker-25: Building] INFO  o.a.m.s.f.DefaultMavenResourcesFiltering - Copying 9 resources from src\main\resources to target\classes
2025-08-08 10:46:25,156 [Worker-25: Building] INFO  o.a.m.s.f.DefaultMavenResourcesFiltering - skip non existing resourceDirectory C:\Users\Shruti Gadre\Desktop\Banking Management System-Final-Pro\Banking_FullyIntegrated-main\FundTransfer\src\test\resources
2025-08-08 10:46:25,540 [Worker-25: Building] INFO  o.a.m.s.f.DefaultMavenResourcesFiltering - Copying 1 resource from src\main\resources to target\classes
2025-08-08 10:46:25,555 [Worker-25: Building] INFO  o.a.m.s.f.DefaultMavenResourcesFiltering - Copying 6 resources from src\main\resources to target\classes
2025-08-08 10:46:25,583 [Worker-25: Building] INFO  o.a.m.s.f.DefaultMavenResourcesFiltering - skip non existing resourceDirectory C:\Users\Shruti Gadre\Desktop\Banking Management System-Final-Pro\Banking_FullyIntegrated-main\Online-Banking-Payee-Management\src\test\resources
2025-08-08 10:46:25,949 [Worker-25: Building] INFO  o.a.m.s.f.DefaultMavenResourcesFiltering - Copying 1 resource from src\main\resources to target\classes
2025-08-08 10:46:25,959 [Worker-25: Building] INFO  o.a.m.s.f.DefaultMavenResourcesFiltering - Copying 8 resources from src\main\resources to target\classes
2025-08-08 10:46:25,990 [Worker-25: Building] INFO  o.a.m.s.f.DefaultMavenResourcesFiltering - skip non existing resourceDirectory C:\Users\Shruti Gadre\Desktop\Banking Management System-Final-Pro\Banking_FullyIntegrated-main\TransactionStatementService\src\test\resources
2025-08-08 10:50:25,318 [Worker-19: Building] INFO  o.a.m.s.f.DefaultMavenResourcesFiltering - Copying 1 resource from src\main\resources to target\classes
2025-08-08 10:50:25,359 [Worker-19: Building] INFO  o.a.m.s.f.DefaultMavenResourcesFiltering - Copying 0 resource from src\main\resources to target\classes
2025-08-08 10:50:25,374 [Worker-19: Building] INFO  o.a.m.s.f.DefaultMavenResourcesFiltering - skip non existing resourceDirectory C:\Users\Shruti Gadre\Desktop\Banking Management System-Final-Pro\Banking_FullyIntegrated-main\Bank-Management\src\test\resources
2025-08-08 10:50:43,558 [Worker-8: Building] INFO  o.a.m.s.f.DefaultMavenResourcesFiltering - Copying 1 resource from src\main\resources to target\classes
2025-08-08 10:50:43,575 [Worker-8: Building] INFO  o.a.m.s.f.DefaultMavenResourcesFiltering - Copying 0 resource from src\main\resources to target\classes
2025-08-08 10:50:43,613 [Worker-8: Building] INFO  o.a.m.s.f.DefaultMavenResourcesFiltering - skip non existing resourceDirectory C:\Users\Shruti Gadre\Desktop\Banking Management System-Final-Pro\Banking_FullyIntegrated-main\FundTransfer\src\test\resources
2025-08-08 10:51:09,845 [Worker-23: Building] INFO  o.a.m.s.f.DefaultMavenResourcesFiltering - Copying 1 resource from src\main\resources to target\classes
2025-08-08 10:51:09,861 [Worker-23: Building] INFO  o.a.m.s.f.DefaultMavenResourcesFiltering - Copying 0 resource from src\main\resources to target\classes
2025-08-08 10:51:09,867 [Worker-23: Building] INFO  o.a.m.s.f.DefaultMavenResourcesFiltering - skip non existing resourceDirectory C:\Users\Shruti Gadre\Desktop\Banking Management System-Final-Pro\Banking_FullyIntegrated-main\Online-Banking-Payee-Management\src\test\resources
2025-08-08 10:51:29,819 [Worker-8: Building] INFO  o.a.m.s.f.DefaultMavenResourcesFiltering - Copying 1 resource from src\main\resources to target\classes
2025-08-08 10:51:29,833 [Worker-8: Building] INFO  o.a.m.s.f.DefaultMavenResourcesFiltering - Copying 0 resource from src\main\resources to target\classes
2025-08-08 10:51:29,840 [Worker-8: Building] INFO  o.a.m.s.f.DefaultMavenResourcesFiltering - skip non existing resourceDirectory C:\Users\Shruti Gadre\Desktop\Banking Management System-Final-Pro\Banking_FullyIntegrated-main\TransactionStatementService\src\test\resources
2025-08-08 11:02:59,954 [Worker-3: Building] INFO  o.a.m.s.f.DefaultMavenResourcesFiltering - Copying 1 resource from src\main\resources to target\classes
2025-08-08 11:02:59,962 [Worker-3: Building] INFO  o.a.m.s.f.DefaultMavenResourcesFiltering - Copying 9 resources from src\main\resources to target\classes
2025-08-08 11:02:59,976 [Worker-3: Building] INFO  o.a.m.s.f.DefaultMavenResourcesFiltering - skip non existing resourceDirectory C:\Users\Shruti Gadre\Desktop\Banking Management System-Final-Pro\Banking_FullyIntegrated-main\FundTransfer\src\test\resources
2025-08-08 11:04:06,953 [Worker-1: Building] INFO  o.a.m.s.f.DefaultMavenResourcesFiltering - Copying 1 resource from src\main\resources to target\classes
2025-08-08 11:04:06,958 [Worker-1: Building] INFO  o.a.m.s.f.DefaultMavenResourcesFiltering - Copying 9 resources from src\main\resources to target\classes
2025-08-08 11:04:06,966 [Worker-1: Building] INFO  o.a.m.s.f.DefaultMavenResourcesFiltering - skip non existing resourceDirectory C:\Users\Shruti Gadre\Desktop\Banking Management System-Final-Pro\Banking_FullyIntegrated-main\FundTransfer\src\test\resources
2025-08-08 11:13:08,987 [Worker-10: Building] INFO  o.a.m.s.f.DefaultMavenResourcesFiltering - Copying 1 resource from src\main\resources to target\classes
2025-08-08 11:13:08,999 [Worker-10: Building] INFO  o.a.m.s.f.DefaultMavenResourcesFiltering - Copying 47 resources from src\main\resources to target\classes
2025-08-08 11:13:09,020 [Worker-10: Building] INFO  o.a.m.s.f.DefaultMavenResourcesFiltering - skip non existing resourceDirectory C:\Users\Shruti Gadre\Desktop\Banking Management System-Final-Pro\Banking_FullyIntegrated-main\Bank-Management\src\test\resources
2025-08-08 11:13:47,903 [Worker-25: Building] INFO  o.a.m.s.f.DefaultMavenResourcesFiltering - Copying 1 resource from src\main\resources to target\classes
2025-08-08 11:13:47,912 [Worker-25: Building] INFO  o.a.m.s.f.DefaultMavenResourcesFiltering - Copying 47 resources from src\main\resources to target\classes
2025-08-08 11:13:47,947 [Worker-25: Building] INFO  o.a.m.s.f.DefaultMavenResourcesFiltering - skip non existing resourceDirectory C:\Users\Shruti Gadre\Desktop\Banking Management System-Final-Pro\Banking_FullyIntegrated-main\Bank-Management\src\test\resources
2025-08-08 11:14:11,424 [Worker-25: Building] INFO  o.a.m.s.f.DefaultMavenResourcesFiltering - Copying 1 resource from src\main\resources to target\classes
2025-08-08 11:14:11,441 [Worker-25: Building] INFO  o.a.m.s.f.DefaultMavenResourcesFiltering - Copying 47 resources from src\main\resources to target\classes
2025-08-08 11:14:11,481 [Worker-25: Building] INFO  o.a.m.s.f.DefaultMavenResourcesFiltering - skip non existing resourceDirectory C:\Users\Shruti Gadre\Desktop\Banking Management System-Final-Pro\Banking_FullyIntegrated-main\Bank-Management\src\test\resources
2025-08-08 11:16:21,020 [Worker-27: Building] INFO  o.a.m.s.f.DefaultMavenResourcesFiltering - Copying 1 resource from src\main\resources to target\classes
2025-08-08 11:16:21,020 [Worker-27: Building] INFO  o.a.m.s.f.DefaultMavenResourcesFiltering - Copying 47 resources from src\main\resources to target\classes
2025-08-08 11:16:21,053 [Worker-27: Building] INFO  o.a.m.s.f.DefaultMavenResourcesFiltering - skip non existing resourceDirectory C:\Users\Shruti Gadre\Desktop\Banking Management System-Final-Pro\Banking_FullyIntegrated-main\Bank-Management\src\test\resources
2025-08-08 11:16:48,396 [Worker-3: Building] INFO  o.a.m.s.f.DefaultMavenResourcesFiltering - Copying 1 resource from src\main\resources to target\classes
2025-08-08 11:16:48,413 [Worker-3: Building] INFO  o.a.m.s.f.DefaultMavenResourcesFiltering - Copying 47 resources from src\main\resources to target\classes
2025-08-08 11:16:48,466 [Worker-3: Building] INFO  o.a.m.s.f.DefaultMavenResourcesFiltering - skip non existing resourceDirectory C:\Users\Shruti Gadre\Desktop\Banking Management System-Final-Pro\Banking_FullyIntegrated-main\Bank-Management\src\test\resources
2025-08-08 11:17:27,493 [Worker-27: Building] INFO  o.a.m.s.f.DefaultMavenResourcesFiltering - Copying 1 resource from src\main\resources to target\classes
2025-08-08 11:17:27,508 [Worker-27: Building] INFO  o.a.m.s.f.DefaultMavenResourcesFiltering - Copying 47 resources from src\main\resources to target\classes
2025-08-08 11:17:27,548 [Worker-27: Building] INFO  o.a.m.s.f.DefaultMavenResourcesFiltering - skip non existing resourceDirectory C:\Users\Shruti Gadre\Desktop\Banking Management System-Final-Pro\Banking_FullyIntegrated-main\Bank-Management\src\test\resources
